[2024-11-15T17:33:22.944+0000] {local_task_job_runner.py:123} INFO - ::group::Pre task execution logs
[2024-11-15T17:33:22.970+0000] {taskinstance.py:2612} INFO - Dependencies all met for dep_context=non-requeueable deps ti=<TaskInstance: Lab9.get_random_data manual__2024-11-15T17:33:19.689517+00:00 [queued]>
[2024-11-15T17:33:22.982+0000] {taskinstance.py:2612} INFO - Dependencies all met for dep_context=requeueable deps ti=<TaskInstance: Lab9.get_random_data manual__2024-11-15T17:33:19.689517+00:00 [queued]>
[2024-11-15T17:33:22.983+0000] {taskinstance.py:2865} INFO - Starting attempt 1 of 2
[2024-11-15T17:33:23.000+0000] {taskinstance.py:2888} INFO - Executing <Task(PythonOperator): get_random_data> on 2024-11-15 17:33:19.689517+00:00
[2024-11-15T17:33:23.009+0000] {warnings.py:112} WARNING - /home/***/.local/lib/python3.12/site-packages/***/task/task_runner/standard_task_runner.py:70: DeprecationWarning: This process (pid=295) is multi-threaded, use of fork() may lead to deadlocks in the child.
  pid = os.fork()

[2024-11-15T17:33:23.011+0000] {standard_task_runner.py:72} INFO - Started process 299 to run task
[2024-11-15T17:33:23.016+0000] {standard_task_runner.py:104} INFO - Running: ['***', 'tasks', 'run', 'Lab9', 'get_random_data', 'manual__2024-11-15T17:33:19.689517+00:00', '--job-id', '86', '--raw', '--subdir', 'DAGS_FOLDER/pipeline.py', '--cfg-path', '/tmp/tmp0tutndg3']
[2024-11-15T17:33:23.021+0000] {standard_task_runner.py:105} INFO - Job 86: Subtask get_random_data
[2024-11-15T17:33:23.095+0000] {task_command.py:467} INFO - Running <TaskInstance: Lab9.get_random_data manual__2024-11-15T17:33:19.689517+00:00 [running]> on host a73688974eca
[2024-11-15T17:33:23.270+0000] {taskinstance.py:3131} INFO - Exporting env vars: AIRFLOW_CTX_DAG_OWNER='TaiDuongDevOps' AIRFLOW_CTX_DAG_ID='Lab9' AIRFLOW_CTX_TASK_ID='get_random_data' AIRFLOW_CTX_EXECUTION_DATE='2024-11-15T17:33:19.689517+00:00' AIRFLOW_CTX_TRY_NUMBER='1' AIRFLOW_CTX_DAG_RUN_ID='manual__2024-11-15T17:33:19.689517+00:00'
[2024-11-15T17:33:23.271+0000] {taskinstance.py:731} INFO - ::endgroup::
[2024-11-15T17:33:23.306+0000] {python.py:240} INFO - Done. Returned value was:                                     file                                            message
17655      ward-k/citizens_utilities/26.  Message-ID: <18925334.1075851859778.JavaMail.e...
11144  farmer-d/discussion_threads/2778.  Message-ID: <24304316.1075854109845.JavaMail.e...
16567          delainey-d/sent_items/45.  Message-ID: <17834678.1075859109168.JavaMail.e...
2286           steffes-j/sent_items/496.  Message-ID: <29338220.1075852511875.JavaMail.e...
6989      bass-e/discussion_threads/297.  Message-ID: <6982228.1075854627309.JavaMail.ev...
...                                  ...                                                ...
15106          jones-t/notes_inbox/4761.  Message-ID: <22909355.1075847449586.JavaMail.e...
13973            quigley-d/myfriends/46.  Message-ID: <11724240.1075841453951.JavaMail.e...
18697              dasovich-j/inbox/817.  Message-ID: <29964468.1075851669585.JavaMail.e...
11579          jones-t/notes_inbox/2382.  Message-ID: <17164401.1075847126708.JavaMail.e...
4424          delainey-d/_sent_mail/165.  Message-ID: <8491682.1075854482890.JavaMail.ev...

[200 rows x 2 columns]
[2024-11-15T17:33:23.464+0000] {taskinstance.py:340} INFO - ::group::Post task execution logs
[2024-11-15T17:33:23.464+0000] {taskinstance.py:352} INFO - Marking task as SUCCESS. dag_id=Lab9, task_id=get_random_data, run_id=manual__2024-11-15T17:33:19.689517+00:00, execution_date=20241115T173319, start_date=20241115T173322, end_date=20241115T173323
[2024-11-15T17:33:23.508+0000] {local_task_job_runner.py:266} INFO - Task exited with return code 0
[2024-11-15T17:33:23.550+0000] {taskinstance.py:3900} INFO - 0 downstream tasks scheduled from follow-on schedule check
[2024-11-15T17:33:23.551+0000] {local_task_job_runner.py:245} INFO - ::endgroup::
