[2024-11-15T09:19:02.628+0000] {local_task_job_runner.py:123} INFO - ::group::Pre task execution logs
[2024-11-15T09:19:02.651+0000] {taskinstance.py:2612} INFO - Dependencies all met for dep_context=non-requeueable deps ti=<TaskInstance: Lab9.get_data manual__2024-11-15T09:18:59.645680+00:00 [queued]>
[2024-11-15T09:19:02.661+0000] {taskinstance.py:2612} INFO - Dependencies all met for dep_context=requeueable deps ti=<TaskInstance: Lab9.get_data manual__2024-11-15T09:18:59.645680+00:00 [queued]>
[2024-11-15T09:19:02.662+0000] {taskinstance.py:2865} INFO - Starting attempt 1 of 2
[2024-11-15T09:19:02.681+0000] {taskinstance.py:2888} INFO - Executing <Task(PythonOperator): get_data> on 2024-11-15 09:18:59.645680+00:00
[2024-11-15T09:19:02.690+0000] {warnings.py:112} WARNING - /home/***/.local/lib/python3.12/site-packages/***/task/task_runner/standard_task_runner.py:70: DeprecationWarning: This process (pid=203) is multi-threaded, use of fork() may lead to deadlocks in the child.
  pid = os.fork()

[2024-11-15T09:19:02.693+0000] {standard_task_runner.py:72} INFO - Started process 207 to run task
[2024-11-15T09:19:02.696+0000] {standard_task_runner.py:104} INFO - Running: ['***', 'tasks', 'run', 'Lab9', 'get_data', 'manual__2024-11-15T09:18:59.645680+00:00', '--job-id', '78', '--raw', '--subdir', 'DAGS_FOLDER/pipeline.py', '--cfg-path', '/tmp/tmpy3x6pcgg']
[2024-11-15T09:19:02.700+0000] {standard_task_runner.py:105} INFO - Job 78: Subtask get_data
[2024-11-15T09:19:02.773+0000] {task_command.py:467} INFO - Running <TaskInstance: Lab9.get_data manual__2024-11-15T09:18:59.645680+00:00 [running]> on host a73688974eca
[2024-11-15T09:19:02.946+0000] {taskinstance.py:3131} INFO - Exporting env vars: AIRFLOW_CTX_DAG_OWNER='TaiDuongDevOps' AIRFLOW_CTX_DAG_ID='Lab9' AIRFLOW_CTX_TASK_ID='get_data' AIRFLOW_CTX_EXECUTION_DATE='2024-11-15T09:18:59.645680+00:00' AIRFLOW_CTX_TRY_NUMBER='1' AIRFLOW_CTX_DAG_RUN_ID='manual__2024-11-15T09:18:59.645680+00:00'
[2024-11-15T09:19:02.947+0000] {taskinstance.py:731} INFO - ::endgroup::
[2024-11-15T09:19:02.979+0000] {python.py:240} INFO - Done. Returned value was:                                     file                                            message
14789        jones-t/all_documents/9351.  Message-ID: <24180355.1075847301195.JavaMail.e...
2923              shackleton-s/abramo/5.  Message-ID: <23641050.1075844581588.JavaMail.e...
16340    mann-k/discussion_threads/3797.  Message-ID: <10460752.1075845847132.JavaMail.e...
6738               blair-l/meetings/366.  Message-ID: <31887990.1075853033185.JavaMail.e...
6717                   mann-k/sent/2213.  Message-ID: <33256806.1075845972468.JavaMail.e...
...                                  ...                                                ...
18980        taylor-m/all_documents/919.  Message-ID: <3797321.1075859899128.JavaMail.ev...
5915         causholli-m/sent_items/181.  Message-ID: <29965273.1075862108624.JavaMail.e...
15507               steffes-j/inbox/155.  Message-ID: <7462328.1075855207728.JavaMail.ev...
8716                 germany-c/sent/224.  Message-ID: <21265740.1075853787807.JavaMail.e...
7630   perlingiere-d/all_documents/2508.  Message-ID: <7947940.1075842365751.JavaMail.ev...

[200 rows x 2 columns]
[2024-11-15T09:19:03.102+0000] {taskinstance.py:340} INFO - ::group::Post task execution logs
[2024-11-15T09:19:03.103+0000] {taskinstance.py:352} INFO - Marking task as SUCCESS. dag_id=Lab9, task_id=get_data, run_id=manual__2024-11-15T09:18:59.645680+00:00, execution_date=20241115T091859, start_date=20241115T091902, end_date=20241115T091903
[2024-11-15T09:19:03.148+0000] {local_task_job_runner.py:266} INFO - Task exited with return code 0
[2024-11-15T09:19:03.197+0000] {taskinstance.py:3900} INFO - 1 downstream tasks scheduled from follow-on schedule check
[2024-11-15T09:19:03.198+0000] {local_task_job_runner.py:245} INFO - ::endgroup::
