[2024-11-15T17:46:38.171+0000] {local_task_job_runner.py:123} INFO - ::group::Pre task execution logs
[2024-11-15T17:46:38.198+0000] {taskinstance.py:2612} INFO - Dependencies all met for dep_context=non-requeueable deps ti=<TaskInstance: Lab9.create_table manual__2024-11-15T17:46:27.830781+00:00 [queued]>
[2024-11-15T17:46:38.209+0000] {taskinstance.py:2612} INFO - Dependencies all met for dep_context=requeueable deps ti=<TaskInstance: Lab9.create_table manual__2024-11-15T17:46:27.830781+00:00 [queued]>
[2024-11-15T17:46:38.209+0000] {taskinstance.py:2865} INFO - Starting attempt 1 of 2
[2024-11-15T17:46:38.229+0000] {taskinstance.py:2888} INFO - Executing <Task(PythonOperator): create_table> on 2024-11-15 17:46:27.830781+00:00
[2024-11-15T17:46:38.237+0000] {warnings.py:112} WARNING - /home/***/.local/lib/python3.12/site-packages/***/task/task_runner/standard_task_runner.py:70: DeprecationWarning: This process (pid=620) is multi-threaded, use of fork() may lead to deadlocks in the child.
  pid = os.fork()

[2024-11-15T17:46:38.240+0000] {standard_task_runner.py:72} INFO - Started process 624 to run task
[2024-11-15T17:46:38.243+0000] {standard_task_runner.py:104} INFO - Running: ['***', 'tasks', 'run', 'Lab9', 'create_table', 'manual__2024-11-15T17:46:27.830781+00:00', '--job-id', '104', '--raw', '--subdir', 'DAGS_FOLDER/pipeline.py', '--cfg-path', '/tmp/tmpa4pnwe1r']
[2024-11-15T17:46:38.246+0000] {standard_task_runner.py:105} INFO - Job 104: Subtask create_table
[2024-11-15T17:46:38.316+0000] {task_command.py:467} INFO - Running <TaskInstance: Lab9.create_table manual__2024-11-15T17:46:27.830781+00:00 [running]> on host a73688974eca
[2024-11-15T17:46:38.434+0000] {taskinstance.py:3131} INFO - Exporting env vars: AIRFLOW_CTX_DAG_OWNER='TaiDuongDevOps' AIRFLOW_CTX_DAG_ID='Lab9' AIRFLOW_CTX_TASK_ID='create_table' AIRFLOW_CTX_EXECUTION_DATE='2024-11-15T17:46:27.830781+00:00' AIRFLOW_CTX_TRY_NUMBER='1' AIRFLOW_CTX_DAG_RUN_ID='manual__2024-11-15T17:46:27.830781+00:00'
[2024-11-15T17:46:38.435+0000] {taskinstance.py:731} INFO - ::endgroup::
[2024-11-15T17:46:38.459+0000] {logging_mixin.py:190} INFO - Tables created successfully
[2024-11-15T17:46:38.459+0000] {python.py:240} INFO - Done. Returned value was: None
[2024-11-15T17:46:38.476+0000] {taskinstance.py:340} INFO - ::group::Post task execution logs
[2024-11-15T17:46:38.476+0000] {taskinstance.py:352} INFO - Marking task as SUCCESS. dag_id=Lab9, task_id=create_table, run_id=manual__2024-11-15T17:46:27.830781+00:00, execution_date=20241115T174627, start_date=20241115T174638, end_date=20241115T174638
[2024-11-15T17:46:38.535+0000] {local_task_job_runner.py:266} INFO - Task exited with return code 0
[2024-11-15T17:46:38.568+0000] {taskinstance.py:3900} INFO - 1 downstream tasks scheduled from follow-on schedule check
[2024-11-15T17:46:38.569+0000] {local_task_job_runner.py:245} INFO - ::endgroup::
