[2024-11-15T17:46:30.957+0000] {local_task_job_runner.py:123} INFO - ::group::Pre task execution logs
[2024-11-15T17:46:30.982+0000] {taskinstance.py:2612} INFO - Dependencies all met for dep_context=non-requeueable deps ti=<TaskInstance: Lab9.get_random_data manual__2024-11-15T17:46:27.830781+00:00 [queued]>
[2024-11-15T17:46:30.992+0000] {taskinstance.py:2612} INFO - Dependencies all met for dep_context=requeueable deps ti=<TaskInstance: Lab9.get_random_data manual__2024-11-15T17:46:27.830781+00:00 [queued]>
[2024-11-15T17:46:30.993+0000] {taskinstance.py:2865} INFO - Starting attempt 1 of 2
[2024-11-15T17:46:31.013+0000] {taskinstance.py:2888} INFO - Executing <Task(PythonOperator): get_random_data> on 2024-11-15 17:46:27.830781+00:00
[2024-11-15T17:46:31.022+0000] {warnings.py:112} WARNING - /home/***/.local/lib/python3.12/site-packages/***/task/task_runner/standard_task_runner.py:70: DeprecationWarning: This process (pid=601) is multi-threaded, use of fork() may lead to deadlocks in the child.
  pid = os.fork()

[2024-11-15T17:46:31.024+0000] {standard_task_runner.py:72} INFO - Started process 605 to run task
[2024-11-15T17:46:31.027+0000] {standard_task_runner.py:104} INFO - Running: ['***', 'tasks', 'run', 'Lab9', 'get_random_data', 'manual__2024-11-15T17:46:27.830781+00:00', '--job-id', '102', '--raw', '--subdir', 'DAGS_FOLDER/pipeline.py', '--cfg-path', '/tmp/tmprv3_9mp3']
[2024-11-15T17:46:31.031+0000] {standard_task_runner.py:105} INFO - Job 102: Subtask get_random_data
[2024-11-15T17:46:31.101+0000] {task_command.py:467} INFO - Running <TaskInstance: Lab9.get_random_data manual__2024-11-15T17:46:27.830781+00:00 [running]> on host a73688974eca
[2024-11-15T17:46:31.244+0000] {taskinstance.py:3131} INFO - Exporting env vars: AIRFLOW_CTX_DAG_OWNER='TaiDuongDevOps' AIRFLOW_CTX_DAG_ID='Lab9' AIRFLOW_CTX_TASK_ID='get_random_data' AIRFLOW_CTX_EXECUTION_DATE='2024-11-15T17:46:27.830781+00:00' AIRFLOW_CTX_TRY_NUMBER='1' AIRFLOW_CTX_DAG_RUN_ID='manual__2024-11-15T17:46:27.830781+00:00'
[2024-11-15T17:46:31.245+0000] {taskinstance.py:731} INFO - ::endgroup::
[2024-11-15T17:46:31.277+0000] {python.py:240} INFO - Done. Returned value was:                                     file                                            message
8205         nemec-g/all_documents/6275.  Message-ID: <1103130.1075842797713.JavaMail.ev...
13445          mckay-j/deleted_items/14.  Message-ID: <30704527.1075841214158.JavaMail.e...
19881     campbell-l/all_documents/1181.  Message-ID: <11035860.1075857855519.JavaMail.e...
413           kean-s/all_documents/2180.  Message-ID: <5320493.1075846200110.JavaMail.ev...
17372                  scott-s/sent/490.  Message-ID: <8479252.1075846799931.JavaMail.ev...
...                                  ...                                                ...
15622         bass-e/all_documents/2005.  Message-ID: <15750220.1075854739997.JavaMail.e...
1384   germany-c/discussion_threads/972.  Message-ID: <24553772.1075853753389.JavaMail.e...
16600         kuykendall-t/_sent_mail/3.  Message-ID: <18073330.1075856162521.JavaMail.e...
12021      kaminski-v/all_documents/754.  Message-ID: <14832468.1075856199112.JavaMail.e...
2239                delainey-d/sent/194.  Message-ID: <33480969.1075854466973.JavaMail.e...

[200 rows x 2 columns]
[2024-11-15T17:46:31.409+0000] {taskinstance.py:340} INFO - ::group::Post task execution logs
[2024-11-15T17:46:31.410+0000] {taskinstance.py:352} INFO - Marking task as SUCCESS. dag_id=Lab9, task_id=get_random_data, run_id=manual__2024-11-15T17:46:27.830781+00:00, execution_date=20241115T174627, start_date=20241115T174630, end_date=20241115T174631
[2024-11-15T17:46:31.439+0000] {local_task_job_runner.py:266} INFO - Task exited with return code 0
[2024-11-15T17:46:31.498+0000] {taskinstance.py:3900} INFO - 1 downstream tasks scheduled from follow-on schedule check
[2024-11-15T17:46:31.500+0000] {local_task_job_runner.py:245} INFO - ::endgroup::
