[2024-11-15T17:34:09.713+0000] {local_task_job_runner.py:123} INFO - ::group::Pre task execution logs
[2024-11-15T17:34:09.739+0000] {taskinstance.py:2612} INFO - Dependencies all met for dep_context=non-requeueable deps ti=<TaskInstance: Lab9.get_random_data manual__2024-11-15T17:34:06.800410+00:00 [queued]>
[2024-11-15T17:34:09.750+0000] {taskinstance.py:2612} INFO - Dependencies all met for dep_context=requeueable deps ti=<TaskInstance: Lab9.get_random_data manual__2024-11-15T17:34:06.800410+00:00 [queued]>
[2024-11-15T17:34:09.750+0000] {taskinstance.py:2865} INFO - Starting attempt 1 of 2
[2024-11-15T17:34:09.771+0000] {taskinstance.py:2888} INFO - Executing <Task(PythonOperator): get_random_data> on 2024-11-15 17:34:06.800410+00:00
[2024-11-15T17:34:09.779+0000] {warnings.py:112} WARNING - /home/***/.local/lib/python3.12/site-packages/***/task/task_runner/standard_task_runner.py:70: DeprecationWarning: This process (pid=308) is multi-threaded, use of fork() may lead to deadlocks in the child.
  pid = os.fork()

[2024-11-15T17:34:09.781+0000] {standard_task_runner.py:72} INFO - Started process 319 to run task
[2024-11-15T17:34:09.786+0000] {standard_task_runner.py:104} INFO - Running: ['***', 'tasks', 'run', 'Lab9', 'get_random_data', 'manual__2024-11-15T17:34:06.800410+00:00', '--job-id', '87', '--raw', '--subdir', 'DAGS_FOLDER/pipeline.py', '--cfg-path', '/tmp/tmpw3kbuo2o']
[2024-11-15T17:34:09.792+0000] {standard_task_runner.py:105} INFO - Job 87: Subtask get_random_data
[2024-11-15T17:34:09.878+0000] {task_command.py:467} INFO - Running <TaskInstance: Lab9.get_random_data manual__2024-11-15T17:34:06.800410+00:00 [running]> on host a73688974eca
[2024-11-15T17:34:10.033+0000] {taskinstance.py:3131} INFO - Exporting env vars: AIRFLOW_CTX_DAG_OWNER='TaiDuongDevOps' AIRFLOW_CTX_DAG_ID='Lab9' AIRFLOW_CTX_TASK_ID='get_random_data' AIRFLOW_CTX_EXECUTION_DATE='2024-11-15T17:34:06.800410+00:00' AIRFLOW_CTX_TRY_NUMBER='1' AIRFLOW_CTX_DAG_RUN_ID='manual__2024-11-15T17:34:06.800410+00:00'
[2024-11-15T17:34:10.034+0000] {taskinstance.py:731} INFO - ::endgroup::
[2024-11-15T17:34:10.069+0000] {python.py:240} INFO - Done. Returned value was:                                       file                                            message
3595                skilling-j/inbox/1177.  Message-ID: <318128.1075852673523.JavaMail.eva...
13129          mclaughlin-e/eol___tagg/28.  Message-ID: <11588042.1075851719098.JavaMail.e...
17986                  benson-r/inbox/206.  Message-ID: <8703189.1075863388791.JavaMail.ev...
2736              richey-c/sent_items/162.  Message-ID: <13091973.1075841476408.JavaMail.e...
9113              sager-e/notes_inbox/242.  Message-ID: <12866252.1075853433752.JavaMail.e...
...                                    ...                                                ...
15479  farmer-d/deleted_items/personal/31.  Message-ID: <5617617.1075860776288.JavaMail.ev...
6126         mcconnell-m/all_documents/77.  Message-ID: <23111175.1075843900949.JavaMail.e...
9416            haedicke-m/notes_inbox/86.  Message-ID: <12998551.1075845038182.JavaMail.e...
370                   delainey-d/sent/735.  Message-ID: <23754185.1075854533132.JavaMail.e...
16717    fossum-d/discussion_threads/1007.  Message-ID: <20306799.1075842543425.JavaMail.e...

[200 rows x 2 columns]
[2024-11-15T17:34:10.211+0000] {taskinstance.py:340} INFO - ::group::Post task execution logs
[2024-11-15T17:34:10.212+0000] {taskinstance.py:352} INFO - Marking task as SUCCESS. dag_id=Lab9, task_id=get_random_data, run_id=manual__2024-11-15T17:34:06.800410+00:00, execution_date=20241115T173406, start_date=20241115T173409, end_date=20241115T173410
[2024-11-15T17:34:10.277+0000] {local_task_job_runner.py:266} INFO - Task exited with return code 0
[2024-11-15T17:34:10.330+0000] {taskinstance.py:3900} INFO - 1 downstream tasks scheduled from follow-on schedule check
[2024-11-15T17:34:10.332+0000] {local_task_job_runner.py:245} INFO - ::endgroup::
