[2024-11-15T18:07:07.044+0000] {local_task_job_runner.py:123} INFO - ::group::Pre task execution logs
[2024-11-15T18:07:07.070+0000] {taskinstance.py:2612} INFO - Dependencies all met for dep_context=non-requeueable deps ti=<TaskInstance: Lab9.get_random_data manual__2024-11-15T18:07:01.645524+00:00 [queued]>
[2024-11-15T18:07:07.080+0000] {taskinstance.py:2612} INFO - Dependencies all met for dep_context=requeueable deps ti=<TaskInstance: Lab9.get_random_data manual__2024-11-15T18:07:01.645524+00:00 [queued]>
[2024-11-15T18:07:07.081+0000] {taskinstance.py:2865} INFO - Starting attempt 1 of 2
[2024-11-15T18:07:07.098+0000] {taskinstance.py:2888} INFO - Executing <Task(PythonOperator): get_random_data> on 2024-11-15 18:07:01.645524+00:00
[2024-11-15T18:07:07.107+0000] {warnings.py:112} WARNING - /home/***/.local/lib/python3.12/site-packages/***/task/task_runner/standard_task_runner.py:70: DeprecationWarning: This process (pid=108) is multi-threaded, use of fork() may lead to deadlocks in the child.
  pid = os.fork()

[2024-11-15T18:07:07.109+0000] {standard_task_runner.py:72} INFO - Started process 112 to run task
[2024-11-15T18:07:07.112+0000] {standard_task_runner.py:104} INFO - Running: ['***', 'tasks', 'run', 'Lab9', 'get_random_data', 'manual__2024-11-15T18:07:01.645524+00:00', '--job-id', '117', '--raw', '--subdir', 'DAGS_FOLDER/pipeline.py', '--cfg-path', '/tmp/tmpos6awm7d']
[2024-11-15T18:07:07.116+0000] {standard_task_runner.py:105} INFO - Job 117: Subtask get_random_data
[2024-11-15T18:07:07.183+0000] {task_command.py:467} INFO - Running <TaskInstance: Lab9.get_random_data manual__2024-11-15T18:07:01.645524+00:00 [running]> on host 4ae09f6dfd74
[2024-11-15T18:07:07.324+0000] {taskinstance.py:3131} INFO - Exporting env vars: AIRFLOW_CTX_DAG_OWNER='TaiDuongDevOps' AIRFLOW_CTX_DAG_ID='Lab9' AIRFLOW_CTX_TASK_ID='get_random_data' AIRFLOW_CTX_EXECUTION_DATE='2024-11-15T18:07:01.645524+00:00' AIRFLOW_CTX_TRY_NUMBER='1' AIRFLOW_CTX_DAG_RUN_ID='manual__2024-11-15T18:07:01.645524+00:00'
[2024-11-15T18:07:07.325+0000] {taskinstance.py:731} INFO - ::endgroup::
[2024-11-15T18:07:07.378+0000] {python.py:240} INFO - Done. Returned value was:                                     file                                            message
13075     dasovich-j/deleted_items/1757.  Message-ID: <19915261.1075861472776.JavaMail.e...
8481   guzman-m/discussion_threads/1676.  Message-ID: <23481827.1075840683327.JavaMail.e...
12273             love-p/notes_inbox/41.  Message-ID: <16429276.1075858275275.JavaMail.e...
15027        jones-t/all_documents/1003.  Message-ID: <16529042.1075846933881.JavaMail.e...
13532          jones-t/notes_inbox/1663.  Message-ID: <2766415.1075847107706.JavaMail.ev...
...                                  ...                                                ...
15145         mann-k/all_documents/1356.  Message-ID: <31703853.1075845608218.JavaMail.e...
17105      kaminski-v/deleted_items/661.  Message-ID: <20528976.1075840770833.JavaMail.e...
17326                  bass-e/sent/1203.  Message-ID: <31689986.1075854775740.JavaMail.e...
9468       dasovich-j/notes_inbox/11994.  Message-ID: <12332812.1075849408424.JavaMail.e...
1954                 keiser-k/inbox/130.  Message-ID: <455955.1075840182503.JavaMail.eva...

[200 rows x 2 columns]
[2024-11-15T18:07:07.543+0000] {taskinstance.py:340} INFO - ::group::Post task execution logs
[2024-11-15T18:07:07.543+0000] {taskinstance.py:352} INFO - Marking task as SUCCESS. dag_id=Lab9, task_id=get_random_data, run_id=manual__2024-11-15T18:07:01.645524+00:00, execution_date=20241115T180701, start_date=20241115T180707, end_date=20241115T180707
[2024-11-15T18:07:07.605+0000] {local_task_job_runner.py:266} INFO - Task exited with return code 0
[2024-11-15T18:07:07.663+0000] {taskinstance.py:3900} INFO - 1 downstream tasks scheduled from follow-on schedule check
[2024-11-15T18:07:07.665+0000] {local_task_job_runner.py:245} INFO - ::endgroup::
