[2024-11-15T09:35:13.969+0000] {local_task_job_runner.py:123} INFO - ::group::Pre task execution logs
[2024-11-15T09:35:13.993+0000] {taskinstance.py:2612} INFO - Dependencies all met for dep_context=non-requeueable deps ti=<TaskInstance: Lab9.get_data manual__2024-11-15T09:35:10.540243+00:00 [queued]>
[2024-11-15T09:35:14.003+0000] {taskinstance.py:2612} INFO - Dependencies all met for dep_context=requeueable deps ti=<TaskInstance: Lab9.get_data manual__2024-11-15T09:35:10.540243+00:00 [queued]>
[2024-11-15T09:35:14.004+0000] {taskinstance.py:2865} INFO - Starting attempt 1 of 2
[2024-11-15T09:35:14.023+0000] {taskinstance.py:2888} INFO - Executing <Task(PythonOperator): get_data> on 2024-11-15 09:35:10.540243+00:00
[2024-11-15T09:35:14.032+0000] {warnings.py:112} WARNING - /home/***/.local/lib/python3.12/site-packages/***/task/task_runner/standard_task_runner.py:70: DeprecationWarning: This process (pid=412) is multi-threaded, use of fork() may lead to deadlocks in the child.
  pid = os.fork()

[2024-11-15T09:35:14.035+0000] {standard_task_runner.py:72} INFO - Started process 416 to run task
[2024-11-15T09:35:14.038+0000] {standard_task_runner.py:104} INFO - Running: ['***', 'tasks', 'run', 'Lab9', 'get_data', 'manual__2024-11-15T09:35:10.540243+00:00', '--job-id', '80', '--raw', '--subdir', 'DAGS_FOLDER/pipeline.py', '--cfg-path', '/tmp/tmp357m99z5']
[2024-11-15T09:35:14.041+0000] {standard_task_runner.py:105} INFO - Job 80: Subtask get_data
[2024-11-15T09:35:14.108+0000] {task_command.py:467} INFO - Running <TaskInstance: Lab9.get_data manual__2024-11-15T09:35:10.540243+00:00 [running]> on host a73688974eca
[2024-11-15T09:35:14.246+0000] {taskinstance.py:3131} INFO - Exporting env vars: AIRFLOW_CTX_DAG_OWNER='TaiDuongDevOps' AIRFLOW_CTX_DAG_ID='Lab9' AIRFLOW_CTX_TASK_ID='get_data' AIRFLOW_CTX_EXECUTION_DATE='2024-11-15T09:35:10.540243+00:00' AIRFLOW_CTX_TRY_NUMBER='1' AIRFLOW_CTX_DAG_RUN_ID='manual__2024-11-15T09:35:10.540243+00:00'
[2024-11-15T09:35:14.247+0000] {taskinstance.py:731} INFO - ::endgroup::
[2024-11-15T09:35:14.277+0000] {python.py:240} INFO - Done. Returned value was:                                   file                                            message
10345   beck-s/discussion_threads/940.  Message-ID: <12046281.1075855830258.JavaMail.e...
941                 kaminski-v/esai/5.  Message-ID: <33483910.1075856606331.JavaMail.e...
5187   giron-d/discussion_threads/304.  Message-ID: <2620271.1075854383900.JavaMail.ev...
10558       mckay-b/deleted_items/263.  Message-ID: <19009811.1075861207668.JavaMail.e...
12231    germany-c/all_documents/2767.  Message-ID: <12280793.1075853861847.JavaMail.e...
...                                ...                                                ...
965         lavorato-j/sent_items/394.  Message-ID: <8493737.1075857691739.JavaMail.ev...
17318     dasovich-j/notes_inbox/4437.  Message-ID: <31429333.1075843704199.JavaMail.e...
11210    shapiro-r/all_documents/1557.  Message-ID: <31157084.1075851967611.JavaMail.e...
4485      jones-t/all_documents/10032.  Message-ID: <2673783.1075847321586.JavaMail.ev...
12282          shackleton-s/sent/5678.  Message-ID: <19093114.1075844913241.JavaMail.e...

[200 rows x 2 columns]
[2024-11-15T09:35:14.395+0000] {taskinstance.py:340} INFO - ::group::Post task execution logs
[2024-11-15T09:35:14.396+0000] {taskinstance.py:352} INFO - Marking task as SUCCESS. dag_id=Lab9, task_id=get_data, run_id=manual__2024-11-15T09:35:10.540243+00:00, execution_date=20241115T093510, start_date=20241115T093513, end_date=20241115T093514
[2024-11-15T09:35:14.450+0000] {local_task_job_runner.py:266} INFO - Task exited with return code 0
[2024-11-15T09:35:14.502+0000] {taskinstance.py:3900} INFO - 1 downstream tasks scheduled from follow-on schedule check
[2024-11-15T09:35:14.504+0000] {local_task_job_runner.py:245} INFO - ::endgroup::
