[2024-11-15T17:41:55.235+0000] {local_task_job_runner.py:123} INFO - ::group::Pre task execution logs
[2024-11-15T17:41:55.260+0000] {taskinstance.py:2612} INFO - Dependencies all met for dep_context=non-requeueable deps ti=<TaskInstance: Lab9.get_random_data manual__2024-11-15T17:41:52.299646+00:00 [queued]>
[2024-11-15T17:41:55.270+0000] {taskinstance.py:2612} INFO - Dependencies all met for dep_context=requeueable deps ti=<TaskInstance: Lab9.get_random_data manual__2024-11-15T17:41:52.299646+00:00 [queued]>
[2024-11-15T17:41:55.271+0000] {taskinstance.py:2865} INFO - Starting attempt 1 of 2
[2024-11-15T17:41:55.291+0000] {taskinstance.py:2888} INFO - Executing <Task(PythonOperator): get_random_data> on 2024-11-15 17:41:52.299646+00:00
[2024-11-15T17:41:55.299+0000] {warnings.py:112} WARNING - /home/***/.local/lib/python3.12/site-packages/***/task/task_runner/standard_task_runner.py:70: DeprecationWarning: This process (pid=474) is multi-threaded, use of fork() may lead to deadlocks in the child.
  pid = os.fork()

[2024-11-15T17:41:55.301+0000] {standard_task_runner.py:72} INFO - Started process 478 to run task
[2024-11-15T17:41:55.304+0000] {standard_task_runner.py:104} INFO - Running: ['***', 'tasks', 'run', 'Lab9', 'get_random_data', 'manual__2024-11-15T17:41:52.299646+00:00', '--job-id', '94', '--raw', '--subdir', 'DAGS_FOLDER/pipeline.py', '--cfg-path', '/tmp/tmpcl6td8wc']
[2024-11-15T17:41:55.308+0000] {standard_task_runner.py:105} INFO - Job 94: Subtask get_random_data
[2024-11-15T17:41:55.374+0000] {task_command.py:467} INFO - Running <TaskInstance: Lab9.get_random_data manual__2024-11-15T17:41:52.299646+00:00 [running]> on host a73688974eca
[2024-11-15T17:41:55.511+0000] {taskinstance.py:3131} INFO - Exporting env vars: AIRFLOW_CTX_DAG_OWNER='TaiDuongDevOps' AIRFLOW_CTX_DAG_ID='Lab9' AIRFLOW_CTX_TASK_ID='get_random_data' AIRFLOW_CTX_EXECUTION_DATE='2024-11-15T17:41:52.299646+00:00' AIRFLOW_CTX_TRY_NUMBER='1' AIRFLOW_CTX_DAG_RUN_ID='manual__2024-11-15T17:41:52.299646+00:00'
[2024-11-15T17:41:55.512+0000] {taskinstance.py:731} INFO - ::endgroup::
[2024-11-15T17:41:55.541+0000] {python.py:240} INFO - Done. Returned value was:                                  file                                            message
3040   whalley-l/connect_deletes/144.  Message-ID: <28618358.1075842056371.JavaMail.e...
10757     linder-e/all_documents/321.  Message-ID: <9653920.1075841004632.JavaMail.ev...
18427     jones-t/all_documents/9944.  Message-ID: <8966769.1075847318687.JavaMail.ev...
15449    taylor-m/all_documents/2281.  Message-ID: <8516689.1075859932551.JavaMail.ev...
19291          kaminski-v/calendar/8.  Message-ID: <12985825.1075840778658.JavaMail.e...
...                               ...                                                ...
11127       lokay-m/all_documents/98.  Message-ID: <20404661.1075844019642.JavaMail.e...
13072       shapiro-r/notes_inbox/67.  Message-ID: <32283337.1075844264453.JavaMail.e...
7939               wolfe-j/inbox/239.  Message-ID: <26348118.1075852555622.JavaMail.e...
8304           neal-s/_sent_mail/462.  Message-ID: <27925268.1075858433333.JavaMail.e...
19628          love-p/sent_items/316.  Message-ID: <6297066.1075855091045.JavaMail.ev...

[200 rows x 2 columns]
[2024-11-15T17:41:55.679+0000] {taskinstance.py:340} INFO - ::group::Post task execution logs
[2024-11-15T17:41:55.680+0000] {taskinstance.py:352} INFO - Marking task as SUCCESS. dag_id=Lab9, task_id=get_random_data, run_id=manual__2024-11-15T17:41:52.299646+00:00, execution_date=20241115T174152, start_date=20241115T174155, end_date=20241115T174155
[2024-11-15T17:41:55.717+0000] {local_task_job_runner.py:266} INFO - Task exited with return code 0
[2024-11-15T17:41:55.769+0000] {taskinstance.py:3900} INFO - 1 downstream tasks scheduled from follow-on schedule check
[2024-11-15T17:41:55.770+0000] {local_task_job_runner.py:245} INFO - ::endgroup::
