[2024-11-15T18:00:14.449+0000] {local_task_job_runner.py:123} INFO - ::group::Pre task execution logs
[2024-11-15T18:00:14.474+0000] {taskinstance.py:2612} INFO - Dependencies all met for dep_context=non-requeueable deps ti=<TaskInstance: Lab9.get_random_data manual__2024-11-15T18:00:11.176220+00:00 [queued]>
[2024-11-15T18:00:14.484+0000] {taskinstance.py:2612} INFO - Dependencies all met for dep_context=requeueable deps ti=<TaskInstance: Lab9.get_random_data manual__2024-11-15T18:00:11.176220+00:00 [queued]>
[2024-11-15T18:00:14.484+0000] {taskinstance.py:2865} INFO - Starting attempt 1 of 2
[2024-11-15T18:00:14.504+0000] {taskinstance.py:2888} INFO - Executing <Task(PythonOperator): get_random_data> on 2024-11-15 18:00:11.176220+00:00
[2024-11-15T18:00:14.513+0000] {warnings.py:112} WARNING - /home/***/.local/lib/python3.12/site-packages/***/task/task_runner/standard_task_runner.py:70: DeprecationWarning: This process (pid=803) is multi-threaded, use of fork() may lead to deadlocks in the child.
  pid = os.fork()

[2024-11-15T18:00:14.516+0000] {standard_task_runner.py:72} INFO - Started process 807 to run task
[2024-11-15T18:00:14.519+0000] {standard_task_runner.py:104} INFO - Running: ['***', 'tasks', 'run', 'Lab9', 'get_random_data', 'manual__2024-11-15T18:00:11.176220+00:00', '--job-id', '107', '--raw', '--subdir', 'DAGS_FOLDER/pipeline.py', '--cfg-path', '/tmp/tmp0mxd_q6m']
[2024-11-15T18:00:14.523+0000] {standard_task_runner.py:105} INFO - Job 107: Subtask get_random_data
[2024-11-15T18:00:14.585+0000] {task_command.py:467} INFO - Running <TaskInstance: Lab9.get_random_data manual__2024-11-15T18:00:11.176220+00:00 [running]> on host a73688974eca
[2024-11-15T18:00:14.737+0000] {taskinstance.py:3131} INFO - Exporting env vars: AIRFLOW_CTX_DAG_OWNER='TaiDuongDevOps' AIRFLOW_CTX_DAG_ID='Lab9' AIRFLOW_CTX_TASK_ID='get_random_data' AIRFLOW_CTX_EXECUTION_DATE='2024-11-15T18:00:11.176220+00:00' AIRFLOW_CTX_TRY_NUMBER='1' AIRFLOW_CTX_DAG_RUN_ID='manual__2024-11-15T18:00:11.176220+00:00'
[2024-11-15T18:00:14.738+0000] {taskinstance.py:731} INFO - ::endgroup::
[2024-11-15T18:00:14.768+0000] {python.py:240} INFO - Done. Returned value was:                                       file                                            message
948     griffith-j/discussion_threads/204.  Message-ID: <22147291.1075849657080.JavaMail.e...
8332          lenhart-m/all_documents/973.  Message-ID: <10245338.1075849761389.JavaMail.e...
4099                     mann-k/sent/1098.  Message-ID: <26319563.1075845944648.JavaMail.e...
19418        love-p/discussion_threads/78.  Message-ID: <33472352.1075858229054.JavaMail.e...
3189          pimenov-v/deleted_items/326.  Message-ID: <12641610.1075863458236.JavaMail.e...
...                                    ...                                                ...
452           dasovich-j/notes_inbox/3479.  Message-ID: <15230362.1075843660246.JavaMail.e...
4050            germany-c/sent_items/1237.  Message-ID: <8911726.1075852125329.JavaMail.ev...
7333   williams-w3/bill_williams_iii/1016.  Message-ID: <22889601.1075863319442.JavaMail.e...
488                    ward-k/pasadena/20.  Message-ID: <6067474.1075852851764.JavaMail.ev...
9848                  baughman-d/inbox/86.  Message-ID: <16937162.1075855134602.JavaMail.e...

[200 rows x 2 columns]
[2024-11-15T18:00:14.893+0000] {taskinstance.py:340} INFO - ::group::Post task execution logs
[2024-11-15T18:00:14.893+0000] {taskinstance.py:352} INFO - Marking task as SUCCESS. dag_id=Lab9, task_id=get_random_data, run_id=manual__2024-11-15T18:00:11.176220+00:00, execution_date=20241115T180011, start_date=20241115T180014, end_date=20241115T180014
[2024-11-15T18:00:14.931+0000] {local_task_job_runner.py:266} INFO - Task exited with return code 0
[2024-11-15T18:00:14.995+0000] {taskinstance.py:3900} INFO - 1 downstream tasks scheduled from follow-on schedule check
[2024-11-15T18:00:14.996+0000] {local_task_job_runner.py:245} INFO - ::endgroup::
