[2024-11-15T18:01:27.231+0000] {local_task_job_runner.py:123} INFO - ::group::Pre task execution logs
[2024-11-15T18:01:27.256+0000] {taskinstance.py:2612} INFO - Dependencies all met for dep_context=non-requeueable deps ti=<TaskInstance: Lab9.get_random_data manual__2024-11-15T18:01:24.145207+00:00 [queued]>
[2024-11-15T18:01:27.266+0000] {taskinstance.py:2612} INFO - Dependencies all met for dep_context=requeueable deps ti=<TaskInstance: Lab9.get_random_data manual__2024-11-15T18:01:24.145207+00:00 [queued]>
[2024-11-15T18:01:27.266+0000] {taskinstance.py:2865} INFO - Starting attempt 1 of 2
[2024-11-15T18:01:27.286+0000] {taskinstance.py:2888} INFO - Executing <Task(PythonOperator): get_random_data> on 2024-11-15 18:01:24.145207+00:00
[2024-11-15T18:01:27.296+0000] {warnings.py:112} WARNING - /home/***/.local/lib/python3.12/site-packages/***/task/task_runner/standard_task_runner.py:70: DeprecationWarning: This process (pid=850) is multi-threaded, use of fork() may lead to deadlocks in the child.
  pid = os.fork()

[2024-11-15T18:01:27.298+0000] {standard_task_runner.py:72} INFO - Started process 854 to run task
[2024-11-15T18:01:27.302+0000] {standard_task_runner.py:104} INFO - Running: ['***', 'tasks', 'run', 'Lab9', 'get_random_data', 'manual__2024-11-15T18:01:24.145207+00:00', '--job-id', '111', '--raw', '--subdir', 'DAGS_FOLDER/pipeline.py', '--cfg-path', '/tmp/tmp5nysaiw0']
[2024-11-15T18:01:27.305+0000] {standard_task_runner.py:105} INFO - Job 111: Subtask get_random_data
[2024-11-15T18:01:27.372+0000] {task_command.py:467} INFO - Running <TaskInstance: Lab9.get_random_data manual__2024-11-15T18:01:24.145207+00:00 [running]> on host a73688974eca
[2024-11-15T18:01:27.509+0000] {taskinstance.py:3131} INFO - Exporting env vars: AIRFLOW_CTX_DAG_OWNER='TaiDuongDevOps' AIRFLOW_CTX_DAG_ID='Lab9' AIRFLOW_CTX_TASK_ID='get_random_data' AIRFLOW_CTX_EXECUTION_DATE='2024-11-15T18:01:24.145207+00:00' AIRFLOW_CTX_TRY_NUMBER='1' AIRFLOW_CTX_DAG_RUN_ID='manual__2024-11-15T18:01:24.145207+00:00'
[2024-11-15T18:01:27.510+0000] {taskinstance.py:731} INFO - ::endgroup::
[2024-11-15T18:01:27.538+0000] {python.py:240} INFO - Done. Returned value was:                                       file                                            message
3037         haedicke-m/all_documents/425.  Message-ID: <26515271.1075845005800.JavaMail.e...
206         hayslett-r/projects/azurix/10.  Message-ID: <22953339.1075862296133.JavaMail.e...
14774               griffith-j/market/131.  Message-ID: <14157161.1075849671910.JavaMail.e...
811                 holst-k/sent_items/39.  Message-ID: <29353885.1075861752296.JavaMail.e...
8086             mann-k/all_documents/761.  Message-ID: <3262501.1075845594156.JavaMail.ev...
...                                    ...                                                ...
15414  kaminski-v/discussion_threads/1074.  Message-ID: <10360938.1075856351528.JavaMail.e...
2273       lokay-m/tw_commercial_group/27.  Message-ID: <20881785.1075844097884.JavaMail.e...
18942        campbell-l/all_documents/461.  Message-ID: <20518399.1075851888841.JavaMail.e...
16795              jones-t/notes_inbox/33.  Message-ID: <24492441.1075847065521.JavaMail.e...
8075                    nemec-g/sent/2403.  Message-ID: <19293340.1075842909678.JavaMail.e...

[200 rows x 2 columns]
[2024-11-15T18:01:27.650+0000] {taskinstance.py:340} INFO - ::group::Post task execution logs
[2024-11-15T18:01:27.651+0000] {taskinstance.py:352} INFO - Marking task as SUCCESS. dag_id=Lab9, task_id=get_random_data, run_id=manual__2024-11-15T18:01:24.145207+00:00, execution_date=20241115T180124, start_date=20241115T180127, end_date=20241115T180127
[2024-11-15T18:01:27.714+0000] {local_task_job_runner.py:266} INFO - Task exited with return code 0
[2024-11-15T18:01:27.772+0000] {taskinstance.py:3900} INFO - 1 downstream tasks scheduled from follow-on schedule check
[2024-11-15T18:01:27.773+0000] {local_task_job_runner.py:245} INFO - ::endgroup::
