[2024-11-15T17:41:17.557+0000] {local_task_job_runner.py:123} INFO - ::group::Pre task execution logs
[2024-11-15T17:41:17.581+0000] {taskinstance.py:2612} INFO - Dependencies all met for dep_context=non-requeueable deps ti=<TaskInstance: Lab9.get_random_data manual__2024-11-15T17:41:13.962419+00:00 [queued]>
[2024-11-15T17:41:17.594+0000] {taskinstance.py:2612} INFO - Dependencies all met for dep_context=requeueable deps ti=<TaskInstance: Lab9.get_random_data manual__2024-11-15T17:41:13.962419+00:00 [queued]>
[2024-11-15T17:41:17.594+0000] {taskinstance.py:2865} INFO - Starting attempt 1 of 2
[2024-11-15T17:41:17.612+0000] {taskinstance.py:2888} INFO - Executing <Task(PythonOperator): get_random_data> on 2024-11-15 17:41:13.962419+00:00
[2024-11-15T17:41:17.621+0000] {warnings.py:112} WARNING - /home/***/.local/lib/python3.12/site-packages/***/task/task_runner/standard_task_runner.py:70: DeprecationWarning: This process (pid=448) is multi-threaded, use of fork() may lead to deadlocks in the child.
  pid = os.fork()

[2024-11-15T17:41:17.623+0000] {standard_task_runner.py:72} INFO - Started process 452 to run task
[2024-11-15T17:41:17.626+0000] {standard_task_runner.py:104} INFO - Running: ['***', 'tasks', 'run', 'Lab9', 'get_random_data', 'manual__2024-11-15T17:41:13.962419+00:00', '--job-id', '92', '--raw', '--subdir', 'DAGS_FOLDER/pipeline.py', '--cfg-path', '/tmp/tmp632st_yv']
[2024-11-15T17:41:17.630+0000] {standard_task_runner.py:105} INFO - Job 92: Subtask get_random_data
[2024-11-15T17:41:17.692+0000] {task_command.py:467} INFO - Running <TaskInstance: Lab9.get_random_data manual__2024-11-15T17:41:13.962419+00:00 [running]> on host a73688974eca
[2024-11-15T17:41:17.853+0000] {taskinstance.py:3131} INFO - Exporting env vars: AIRFLOW_CTX_DAG_OWNER='TaiDuongDevOps' AIRFLOW_CTX_DAG_ID='Lab9' AIRFLOW_CTX_TASK_ID='get_random_data' AIRFLOW_CTX_EXECUTION_DATE='2024-11-15T17:41:13.962419+00:00' AIRFLOW_CTX_TRY_NUMBER='1' AIRFLOW_CTX_DAG_RUN_ID='manual__2024-11-15T17:41:13.962419+00:00'
[2024-11-15T17:41:17.854+0000] {taskinstance.py:731} INFO - ::endgroup::
[2024-11-15T17:41:17.884+0000] {python.py:240} INFO - Done. Returned value was:                                     file                                            message
17513                 keiser-k/inbox/93.  Message-ID: <5395761.1075840181572.JavaMail.ev...
8762    perlingiere-d/all_documents/617.  Message-ID: <12439515.1075842300190.JavaMail.e...
19772          beck-s/all_documents/403.  Message-ID: <7349135.1075849821390.JavaMail.ev...
18415                 taylor-m/sent/123.  Message-ID: <20341822.1075860051632.JavaMail.e...
19997       taylor-m/all_documents/8176.  Message-ID: <1197844.1075860204139.JavaMail.ev...
...                                  ...                                                ...
2980   gilbertsmith-d/deleted_items/128.  Message-ID: <8306045.1075840540004.JavaMail.ev...
15307              kaminski-v/sent/4711.  Message-ID: <29709374.1075856948989.JavaMail.e...
15623                 jones-t/sent/1577.  Message-ID: <29326502.1075847188739.JavaMail.e...
2090           steffes-j/sent_items/407.  Message-ID: <31621921.1075852509686.JavaMail.e...
2193      dasovich-j/all_documents/4542.  Message-ID: <16790618.1075843070679.JavaMail.e...

[200 rows x 2 columns]
[2024-11-15T17:41:18.029+0000] {taskinstance.py:340} INFO - ::group::Post task execution logs
[2024-11-15T17:41:18.030+0000] {taskinstance.py:352} INFO - Marking task as SUCCESS. dag_id=Lab9, task_id=get_random_data, run_id=manual__2024-11-15T17:41:13.962419+00:00, execution_date=20241115T174113, start_date=20241115T174117, end_date=20241115T174118
[2024-11-15T17:41:18.078+0000] {local_task_job_runner.py:266} INFO - Task exited with return code 0
[2024-11-15T17:41:18.129+0000] {taskinstance.py:3900} INFO - 1 downstream tasks scheduled from follow-on schedule check
[2024-11-15T17:41:18.131+0000] {local_task_job_runner.py:245} INFO - ::endgroup::
