[2024-11-15T17:25:59.355+0000] {local_task_job_runner.py:123} INFO - ::group::Pre task execution logs
[2024-11-15T17:25:59.382+0000] {taskinstance.py:2612} INFO - Dependencies all met for dep_context=non-requeueable deps ti=<TaskInstance: Lab9.get_random_data manual__2024-11-15T17:25:55.860583+00:00 [queued]>
[2024-11-15T17:25:59.393+0000] {taskinstance.py:2612} INFO - Dependencies all met for dep_context=requeueable deps ti=<TaskInstance: Lab9.get_random_data manual__2024-11-15T17:25:55.860583+00:00 [queued]>
[2024-11-15T17:25:59.393+0000] {taskinstance.py:2865} INFO - Starting attempt 1 of 2
[2024-11-15T17:25:59.413+0000] {taskinstance.py:2888} INFO - Executing <Task(PythonOperator): get_random_data> on 2024-11-15 17:25:55.860583+00:00
[2024-11-15T17:25:59.423+0000] {warnings.py:112} WARNING - /home/***/.local/lib/python3.12/site-packages/***/task/task_runner/standard_task_runner.py:70: DeprecationWarning: This process (pid=198) is multi-threaded, use of fork() may lead to deadlocks in the child.
  pid = os.fork()

[2024-11-15T17:25:59.426+0000] {standard_task_runner.py:72} INFO - Started process 202 to run task
[2024-11-15T17:25:59.431+0000] {standard_task_runner.py:104} INFO - Running: ['***', 'tasks', 'run', 'Lab9', 'get_random_data', 'manual__2024-11-15T17:25:55.860583+00:00', '--job-id', '84', '--raw', '--subdir', 'DAGS_FOLDER/pipeline.py', '--cfg-path', '/tmp/tmpxi5r3wmg']
[2024-11-15T17:25:59.436+0000] {standard_task_runner.py:105} INFO - Job 84: Subtask get_random_data
[2024-11-15T17:25:59.513+0000] {task_command.py:467} INFO - Running <TaskInstance: Lab9.get_random_data manual__2024-11-15T17:25:55.860583+00:00 [running]> on host a73688974eca
[2024-11-15T17:25:59.665+0000] {taskinstance.py:3131} INFO - Exporting env vars: AIRFLOW_CTX_DAG_OWNER='TaiDuongDevOps' AIRFLOW_CTX_DAG_ID='Lab9' AIRFLOW_CTX_TASK_ID='get_random_data' AIRFLOW_CTX_EXECUTION_DATE='2024-11-15T17:25:55.860583+00:00' AIRFLOW_CTX_TRY_NUMBER='1' AIRFLOW_CTX_DAG_RUN_ID='manual__2024-11-15T17:25:55.860583+00:00'
[2024-11-15T17:25:59.666+0000] {taskinstance.py:731} INFO - ::endgroup::
[2024-11-15T17:25:59.701+0000] {python.py:240} INFO - Done. Returned value was:                                   file                                            message
15821    lenhart-m/all_documents/1056.  Message-ID: <4321490.1075849763309.JavaMail.ev...
19753                  kean-s/sent/92.  Message-ID: <24694589.1075846376077.JavaMail.e...
1997       jones-t/all_documents/5899.  Message-ID: <28020358.1075847062037.JavaMail.e...
5658       dasovich-j/notes_inbox/782.  Message-ID: <10278826.1075843116929.JavaMail.e...
15929  kean-s/discussion_threads/2304.  Message-ID: <6895668.1075848134402.JavaMail.ev...
...                                ...                                                ...
17999          mann-k/_sent_mail/2962.  Message-ID: <15622411.1075846101428.JavaMail.e...
2071           richey-c/sent_items/39.  Message-ID: <13419636.1075841473510.JavaMail.e...
3210             blair-l/meetings/554.  Message-ID: <31937520.1075853037465.JavaMail.e...
14511           dasovich-j/inbox/1742.  Message-ID: <13722395.1075861512079.JavaMail.e...
17989       kean-s/all_documents/5001.  Message-ID: <11540161.1075847586577.JavaMail.e...

[200 rows x 2 columns]
[2024-11-15T17:25:59.849+0000] {taskinstance.py:340} INFO - ::group::Post task execution logs
[2024-11-15T17:25:59.849+0000] {taskinstance.py:352} INFO - Marking task as SUCCESS. dag_id=Lab9, task_id=get_random_data, run_id=manual__2024-11-15T17:25:55.860583+00:00, execution_date=20241115T172555, start_date=20241115T172559, end_date=20241115T172559
[2024-11-15T17:25:59.883+0000] {local_task_job_runner.py:266} INFO - Task exited with return code 0
[2024-11-15T17:25:59.908+0000] {taskinstance.py:3900} INFO - 0 downstream tasks scheduled from follow-on schedule check
[2024-11-15T17:25:59.910+0000] {local_task_job_runner.py:245} INFO - ::endgroup::
