[2024-11-15T17:37:43.843+0000] {local_task_job_runner.py:123} INFO - ::group::Pre task execution logs
[2024-11-15T17:37:43.870+0000] {taskinstance.py:2612} INFO - Dependencies all met for dep_context=non-requeueable deps ti=<TaskInstance: Lab9.get_random_data manual__2024-11-15T17:37:40.221499+00:00 [queued]>
[2024-11-15T17:37:43.881+0000] {taskinstance.py:2612} INFO - Dependencies all met for dep_context=requeueable deps ti=<TaskInstance: Lab9.get_random_data manual__2024-11-15T17:37:40.221499+00:00 [queued]>
[2024-11-15T17:37:43.881+0000] {taskinstance.py:2865} INFO - Starting attempt 1 of 2
[2024-11-15T17:37:43.902+0000] {taskinstance.py:2888} INFO - Executing <Task(PythonOperator): get_random_data> on 2024-11-15 17:37:40.221499+00:00
[2024-11-15T17:37:43.911+0000] {warnings.py:112} WARNING - /home/***/.local/lib/python3.12/site-packages/***/task/task_runner/standard_task_runner.py:70: DeprecationWarning: This process (pid=374) is multi-threaded, use of fork() may lead to deadlocks in the child.
  pid = os.fork()

[2024-11-15T17:37:43.913+0000] {standard_task_runner.py:72} INFO - Started process 378 to run task
[2024-11-15T17:37:43.919+0000] {standard_task_runner.py:104} INFO - Running: ['***', 'tasks', 'run', 'Lab9', 'get_random_data', 'manual__2024-11-15T17:37:40.221499+00:00', '--job-id', '89', '--raw', '--subdir', 'DAGS_FOLDER/pipeline.py', '--cfg-path', '/tmp/tmpkv810rv6']
[2024-11-15T17:37:43.924+0000] {standard_task_runner.py:105} INFO - Job 89: Subtask get_random_data
[2024-11-15T17:37:44.015+0000] {task_command.py:467} INFO - Running <TaskInstance: Lab9.get_random_data manual__2024-11-15T17:37:40.221499+00:00 [running]> on host a73688974eca
[2024-11-15T17:37:44.181+0000] {taskinstance.py:3131} INFO - Exporting env vars: AIRFLOW_CTX_DAG_OWNER='TaiDuongDevOps' AIRFLOW_CTX_DAG_ID='Lab9' AIRFLOW_CTX_TASK_ID='get_random_data' AIRFLOW_CTX_EXECUTION_DATE='2024-11-15T17:37:40.221499+00:00' AIRFLOW_CTX_TRY_NUMBER='1' AIRFLOW_CTX_DAG_RUN_ID='manual__2024-11-15T17:37:40.221499+00:00'
[2024-11-15T17:37:44.182+0000] {taskinstance.py:731} INFO - ::endgroup::
[2024-11-15T17:37:44.217+0000] {python.py:240} INFO - Done. Returned value was:                                             file                                            message
5461                lenhart-m/all_documents/727.  Message-ID: <26839997.1075849755718.JavaMail.e...
13258              ward-k/discussion_threads/94.  Message-ID: <14241028.1075851862903.JavaMail.e...
5075                   keavey-p/notes_inbox/287.  Message-ID: <24406866.1075855664564.JavaMail.e...
11088                     love-p/sent_items/242.  Message-ID: <30951420.1075855089306.JavaMail.e...
14724             kean-s/calendar/untitled/7522.  Message-ID: <6793629.1075847961577.JavaMail.ev...
...                                          ...                                                ...
6985                     blair-l/sent_items/712.  Message-ID: <19781206.1075859373950.JavaMail.e...
869    kaminski-v/c/mangmt/group/management/630.  Message-ID: <28104449.1075857022031.JavaMail.e...
17233                     neal-s/_sent_mail/425.  Message-ID: <3665240.1075858432511.JavaMail.ev...
17201                         smith-m/inbox/236.  Message-ID: <18747983.1075845338928.JavaMail.e...
14715             haedicke-m/all_documents/4657.  Message-ID: <2577719.1075859788654.JavaMail.ev...

[200 rows x 2 columns]
[2024-11-15T17:37:44.354+0000] {taskinstance.py:340} INFO - ::group::Post task execution logs
[2024-11-15T17:37:44.355+0000] {taskinstance.py:352} INFO - Marking task as SUCCESS. dag_id=Lab9, task_id=get_random_data, run_id=manual__2024-11-15T17:37:40.221499+00:00, execution_date=20241115T173740, start_date=20241115T173743, end_date=20241115T173744
[2024-11-15T17:37:44.411+0000] {local_task_job_runner.py:266} INFO - Task exited with return code 0
[2024-11-15T17:37:44.464+0000] {taskinstance.py:3900} INFO - 1 downstream tasks scheduled from follow-on schedule check
[2024-11-15T17:37:44.467+0000] {local_task_job_runner.py:245} INFO - ::endgroup::
