[2024-11-15T18:07:14.865+0000] {local_task_job_runner.py:123} INFO - ::group::Pre task execution logs
[2024-11-15T18:07:14.891+0000] {taskinstance.py:2612} INFO - Dependencies all met for dep_context=non-requeueable deps ti=<TaskInstance: Lab9.create_table manual__2024-11-15T18:07:01.645524+00:00 [queued]>
[2024-11-15T18:07:14.902+0000] {taskinstance.py:2612} INFO - Dependencies all met for dep_context=requeueable deps ti=<TaskInstance: Lab9.create_table manual__2024-11-15T18:07:01.645524+00:00 [queued]>
[2024-11-15T18:07:14.902+0000] {taskinstance.py:2865} INFO - Starting attempt 1 of 2
[2024-11-15T18:07:14.922+0000] {taskinstance.py:2888} INFO - Executing <Task(PythonOperator): create_table> on 2024-11-15 18:07:01.645524+00:00
[2024-11-15T18:07:14.930+0000] {warnings.py:112} WARNING - /home/***/.local/lib/python3.12/site-packages/***/task/task_runner/standard_task_runner.py:70: DeprecationWarning: This process (pid=127) is multi-threaded, use of fork() may lead to deadlocks in the child.
  pid = os.fork()

[2024-11-15T18:07:14.933+0000] {standard_task_runner.py:72} INFO - Started process 131 to run task
[2024-11-15T18:07:14.936+0000] {standard_task_runner.py:104} INFO - Running: ['***', 'tasks', 'run', 'Lab9', 'create_table', 'manual__2024-11-15T18:07:01.645524+00:00', '--job-id', '119', '--raw', '--subdir', 'DAGS_FOLDER/pipeline.py', '--cfg-path', '/tmp/tmpgazu166t']
[2024-11-15T18:07:14.939+0000] {standard_task_runner.py:105} INFO - Job 119: Subtask create_table
[2024-11-15T18:07:15.010+0000] {task_command.py:467} INFO - Running <TaskInstance: Lab9.create_table manual__2024-11-15T18:07:01.645524+00:00 [running]> on host 4ae09f6dfd74
[2024-11-15T18:07:15.125+0000] {taskinstance.py:3131} INFO - Exporting env vars: AIRFLOW_CTX_DAG_OWNER='TaiDuongDevOps' AIRFLOW_CTX_DAG_ID='Lab9' AIRFLOW_CTX_TASK_ID='create_table' AIRFLOW_CTX_EXECUTION_DATE='2024-11-15T18:07:01.645524+00:00' AIRFLOW_CTX_TRY_NUMBER='1' AIRFLOW_CTX_DAG_RUN_ID='manual__2024-11-15T18:07:01.645524+00:00'
[2024-11-15T18:07:15.126+0000] {taskinstance.py:731} INFO - ::endgroup::
[2024-11-15T18:07:15.152+0000] {logging_mixin.py:190} INFO - Tables created successfully
[2024-11-15T18:07:15.152+0000] {python.py:240} INFO - Done. Returned value was: None
[2024-11-15T18:07:15.168+0000] {taskinstance.py:340} INFO - ::group::Post task execution logs
[2024-11-15T18:07:15.168+0000] {taskinstance.py:352} INFO - Marking task as SUCCESS. dag_id=Lab9, task_id=create_table, run_id=manual__2024-11-15T18:07:01.645524+00:00, execution_date=20241115T180701, start_date=20241115T180714, end_date=20241115T180715
[2024-11-15T18:07:15.228+0000] {local_task_job_runner.py:266} INFO - Task exited with return code 0
[2024-11-15T18:07:15.262+0000] {taskinstance.py:3900} INFO - 1 downstream tasks scheduled from follow-on schedule check
[2024-11-15T18:07:15.263+0000] {local_task_job_runner.py:245} INFO - ::endgroup::
