[2024-11-15T17:26:08.914+0000] {local_task_job_runner.py:123} INFO - ::group::Pre task execution logs
[2024-11-15T17:26:08.938+0000] {taskinstance.py:2612} INFO - Dependencies all met for dep_context=non-requeueable deps ti=<TaskInstance: Lab9.get_random_data manual__2024-11-15T17:26:05.899793+00:00 [queued]>
[2024-11-15T17:26:08.950+0000] {taskinstance.py:2612} INFO - Dependencies all met for dep_context=requeueable deps ti=<TaskInstance: Lab9.get_random_data manual__2024-11-15T17:26:05.899793+00:00 [queued]>
[2024-11-15T17:26:08.951+0000] {taskinstance.py:2865} INFO - Starting attempt 1 of 2
[2024-11-15T17:26:08.968+0000] {taskinstance.py:2888} INFO - Executing <Task(PythonOperator): get_random_data> on 2024-11-15 17:26:05.899793+00:00
[2024-11-15T17:26:08.977+0000] {warnings.py:112} WARNING - /home/***/.local/lib/python3.12/site-packages/***/task/task_runner/standard_task_runner.py:70: DeprecationWarning: This process (pid=204) is multi-threaded, use of fork() may lead to deadlocks in the child.
  pid = os.fork()

[2024-11-15T17:26:08.980+0000] {standard_task_runner.py:72} INFO - Started process 208 to run task
[2024-11-15T17:26:08.983+0000] {standard_task_runner.py:104} INFO - Running: ['***', 'tasks', 'run', 'Lab9', 'get_random_data', 'manual__2024-11-15T17:26:05.899793+00:00', '--job-id', '85', '--raw', '--subdir', 'DAGS_FOLDER/pipeline.py', '--cfg-path', '/tmp/tmp85o4l9ex']
[2024-11-15T17:26:08.987+0000] {standard_task_runner.py:105} INFO - Job 85: Subtask get_random_data
[2024-11-15T17:26:09.049+0000] {task_command.py:467} INFO - Running <TaskInstance: Lab9.get_random_data manual__2024-11-15T17:26:05.899793+00:00 [running]> on host a73688974eca
[2024-11-15T17:26:09.197+0000] {taskinstance.py:3131} INFO - Exporting env vars: AIRFLOW_CTX_DAG_OWNER='TaiDuongDevOps' AIRFLOW_CTX_DAG_ID='Lab9' AIRFLOW_CTX_TASK_ID='get_random_data' AIRFLOW_CTX_EXECUTION_DATE='2024-11-15T17:26:05.899793+00:00' AIRFLOW_CTX_TRY_NUMBER='1' AIRFLOW_CTX_DAG_RUN_ID='manual__2024-11-15T17:26:05.899793+00:00'
[2024-11-15T17:26:09.198+0000] {taskinstance.py:731} INFO - ::endgroup::
[2024-11-15T17:26:09.226+0000] {python.py:240} INFO - Done. Returned value was:                                    file                                            message
14332       rogers-b/all_documents/734.  Message-ID: <32602946.1075857142004.JavaMail.e...
12782    kaminski-v/all_documents/9575.  Message-ID: <32856387.1075856746097.JavaMail.e...
17372                 scott-s/sent/490.  Message-ID: <8479252.1075846799931.JavaMail.ev...
10496               thomas-p/inbox/103.  Message-ID: <12777988.1075841967390.JavaMail.e...
2137   linder-e/discussion_threads/476.  Message-ID: <23431902.1075841032345.JavaMail.e...
...                                 ...                                                ...
18119   dasovich-j/all_documents/13447.  Message-ID: <4981805.1075843560129.JavaMail.ev...
2967                watson-k/inbox/562.  Message-ID: <3599822.1075861836011.JavaMail.ev...
6387     kaminski-v/all_documents/3318.  Message-ID: <18947463.1075856264011.JavaMail.e...
15746  rogers-b/discussion_threads/991.  Message-ID: <20215512.1075857202211.JavaMail.e...
233              mann-k/notes_inbox/79.  Message-ID: <19873420.1075845898363.JavaMail.e...

[200 rows x 2 columns]
[2024-11-15T17:26:09.347+0000] {taskinstance.py:340} INFO - ::group::Post task execution logs
[2024-11-15T17:26:09.347+0000] {taskinstance.py:352} INFO - Marking task as SUCCESS. dag_id=Lab9, task_id=get_random_data, run_id=manual__2024-11-15T17:26:05.899793+00:00, execution_date=20241115T172605, start_date=20241115T172608, end_date=20241115T172609
[2024-11-15T17:26:09.395+0000] {local_task_job_runner.py:266} INFO - Task exited with return code 0
[2024-11-15T17:26:09.423+0000] {taskinstance.py:3900} INFO - 0 downstream tasks scheduled from follow-on schedule check
[2024-11-15T17:26:09.424+0000] {local_task_job_runner.py:245} INFO - ::endgroup::
