[2024-11-15T09:16:19.846+0000] {local_task_job_runner.py:123} INFO - ::group::Pre task execution logs
[2024-11-15T09:16:19.872+0000] {taskinstance.py:2612} INFO - Dependencies all met for dep_context=non-requeueable deps ti=<TaskInstance: Lab9.get_data scheduled__2024-11-12T00:00:00+00:00 [queued]>
[2024-11-15T09:16:19.883+0000] {taskinstance.py:2612} INFO - Dependencies all met for dep_context=requeueable deps ti=<TaskInstance: Lab9.get_data scheduled__2024-11-12T00:00:00+00:00 [queued]>
[2024-11-15T09:16:19.883+0000] {taskinstance.py:2865} INFO - Starting attempt 1 of 2
[2024-11-15T09:16:19.905+0000] {taskinstance.py:2888} INFO - Executing <Task(PythonOperator): get_data> on 2024-11-12 00:00:00+00:00
[2024-11-15T09:16:19.918+0000] {warnings.py:112} WARNING - /home/***/.local/lib/python3.12/site-packages/***/task/task_runner/standard_task_runner.py:70: DeprecationWarning: This process (pid=74) is multi-threaded, use of fork() may lead to deadlocks in the child.
  pid = os.fork()

[2024-11-15T09:16:19.922+0000] {standard_task_runner.py:72} INFO - Started process 86 to run task
[2024-11-15T09:16:19.925+0000] {standard_task_runner.py:104} INFO - Running: ['***', 'tasks', 'run', 'Lab9', 'get_data', 'scheduled__2024-11-12T00:00:00+00:00', '--job-id', '68', '--raw', '--subdir', 'DAGS_FOLDER/pipeline.py', '--cfg-path', '/tmp/tmpmd0ufsoe']
[2024-11-15T09:16:19.929+0000] {standard_task_runner.py:105} INFO - Job 68: Subtask get_data
[2024-11-15T09:16:20.004+0000] {task_command.py:467} INFO - Running <TaskInstance: Lab9.get_data scheduled__2024-11-12T00:00:00+00:00 [running]> on host a73688974eca
[2024-11-15T09:16:20.182+0000] {taskinstance.py:3131} INFO - Exporting env vars: AIRFLOW_CTX_DAG_OWNER='TaiDuongDevOps' AIRFLOW_CTX_DAG_ID='Lab9' AIRFLOW_CTX_TASK_ID='get_data' AIRFLOW_CTX_EXECUTION_DATE='2024-11-12T00:00:00+00:00' AIRFLOW_CTX_TRY_NUMBER='1' AIRFLOW_CTX_DAG_RUN_ID='scheduled__2024-11-12T00:00:00+00:00'
[2024-11-15T09:16:20.184+0000] {taskinstance.py:731} INFO - ::endgroup::
[2024-11-15T09:16:20.236+0000] {python.py:240} INFO - Done. Returned value was:                                  file                                            message
6189                tholt-j/janie/47.  Message-ID: <3705915.1075851745838.JavaMail.ev...
733         mann-k/all_documents/286.  Message-ID: <29501658.1075845582905.JavaMail.e...
10350       linder-e/notes_inbox/436.  Message-ID: <27539909.1075841054544.JavaMail.e...
4725   kean-s/calendar/untitled/7508.  Message-ID: <9146062.1075847960919.JavaMail.ev...
13560              heard-m/inbox/161.  Message-ID: <921765.1075861920906.JavaMail.eva...
...                               ...                                                ...
2258       lavorato-j/sent_items/635.  Message-ID: <13917495.1075861715138.JavaMail.e...
10268    presto-k/deleted_items/1491.  Message-ID: <28578061.1075861784229.JavaMail.e...
1254    kean-s/calendar/untitled/348.  Message-ID: <5808779.1075846279873.JavaMail.ev...
11577    dasovich-j/notes_inbox/4474.  Message-ID: <15794138.1075843705426.JavaMail.e...
10448          tholt-j/_sent_mail/10.  Message-ID: <12130514.1075857502281.JavaMail.e...

[200 rows x 2 columns]
[2024-11-15T09:16:20.457+0000] {taskinstance.py:340} INFO - ::group::Post task execution logs
[2024-11-15T09:16:20.457+0000] {taskinstance.py:352} INFO - Marking task as SUCCESS. dag_id=Lab9, task_id=get_data, run_id=scheduled__2024-11-12T00:00:00+00:00, execution_date=20241112T000000, start_date=20241115T091619, end_date=20241115T091620
[2024-11-15T09:16:20.498+0000] {local_task_job_runner.py:266} INFO - Task exited with return code 0
[2024-11-15T09:16:20.550+0000] {taskinstance.py:3900} INFO - 1 downstream tasks scheduled from follow-on schedule check
[2024-11-15T09:16:20.551+0000] {local_task_job_runner.py:245} INFO - ::endgroup::
