[2024-11-15T17:42:06.258+0000] {local_task_job_runner.py:123} INFO - ::group::Pre task execution logs
[2024-11-15T17:42:06.283+0000] {taskinstance.py:2612} INFO - Dependencies all met for dep_context=non-requeueable deps ti=<TaskInstance: Lab9.get_random_data manual__2024-11-15T17:42:03.358399+00:00 [queued]>
[2024-11-15T17:42:06.295+0000] {taskinstance.py:2612} INFO - Dependencies all met for dep_context=requeueable deps ti=<TaskInstance: Lab9.get_random_data manual__2024-11-15T17:42:03.358399+00:00 [queued]>
[2024-11-15T17:42:06.296+0000] {taskinstance.py:2865} INFO - Starting attempt 1 of 2
[2024-11-15T17:42:06.313+0000] {taskinstance.py:2888} INFO - Executing <Task(PythonOperator): get_random_data> on 2024-11-15 17:42:03.358399+00:00
[2024-11-15T17:42:06.322+0000] {warnings.py:112} WARNING - /home/***/.local/lib/python3.12/site-packages/***/task/task_runner/standard_task_runner.py:70: DeprecationWarning: This process (pid=493) is multi-threaded, use of fork() may lead to deadlocks in the child.
  pid = os.fork()

[2024-11-15T17:42:06.324+0000] {standard_task_runner.py:72} INFO - Started process 497 to run task
[2024-11-15T17:42:06.328+0000] {standard_task_runner.py:104} INFO - Running: ['***', 'tasks', 'run', 'Lab9', 'get_random_data', 'manual__2024-11-15T17:42:03.358399+00:00', '--job-id', '96', '--raw', '--subdir', 'DAGS_FOLDER/pipeline.py', '--cfg-path', '/tmp/tmpgehlji2j']
[2024-11-15T17:42:06.331+0000] {standard_task_runner.py:105} INFO - Job 96: Subtask get_random_data
[2024-11-15T17:42:06.394+0000] {task_command.py:467} INFO - Running <TaskInstance: Lab9.get_random_data manual__2024-11-15T17:42:03.358399+00:00 [running]> on host a73688974eca
[2024-11-15T17:42:06.544+0000] {taskinstance.py:3131} INFO - Exporting env vars: AIRFLOW_CTX_DAG_OWNER='TaiDuongDevOps' AIRFLOW_CTX_DAG_ID='Lab9' AIRFLOW_CTX_TASK_ID='get_random_data' AIRFLOW_CTX_EXECUTION_DATE='2024-11-15T17:42:03.358399+00:00' AIRFLOW_CTX_TRY_NUMBER='1' AIRFLOW_CTX_DAG_RUN_ID='manual__2024-11-15T17:42:03.358399+00:00'
[2024-11-15T17:42:06.545+0000] {taskinstance.py:731} INFO - ::endgroup::
[2024-11-15T17:42:06.574+0000] {python.py:240} INFO - Done. Returned value was:                                   file                                            message
9480              hernandez-j/sent/46.  Message-ID: <10814351.1075855562459.JavaMail.e...
18340         buy-r/all_documents/146.  Message-ID: <7096602.1075858307824.JavaMail.ev...
7933          lay-k/all_documents/428.  Message-ID: <7702450.1075840211854.JavaMail.ev...
10130       taylor-m/notes_inbox/2644.  Message-ID: <13528192.1075860257114.JavaMail.e...
4082    kaminski-v/all_documents/3262.  Message-ID: <18797368.1075856262543.JavaMail.e...
...                                ...                                                ...
8804           perlingiere-d/inbox/19.  Message-ID: <14952562.1075852241816.JavaMail.e...
10496              thomas-p/inbox/103.  Message-ID: <12777988.1075841967390.JavaMail.e...
4438   dasovich-j/all_documents/28662.  Message-ID: <31504325.1075849314796.JavaMail.e...
571     kaminski-v/all_documents/9542.  Message-ID: <27188541.1075856745011.JavaMail.e...
4371      taylor-m/all_documents/7704.  Message-ID: <17917591.1075860189806.JavaMail.e...

[200 rows x 2 columns]
[2024-11-15T17:42:06.701+0000] {taskinstance.py:340} INFO - ::group::Post task execution logs
[2024-11-15T17:42:06.702+0000] {taskinstance.py:352} INFO - Marking task as SUCCESS. dag_id=Lab9, task_id=get_random_data, run_id=manual__2024-11-15T17:42:03.358399+00:00, execution_date=20241115T174203, start_date=20241115T174206, end_date=20241115T174206
[2024-11-15T17:42:06.740+0000] {local_task_job_runner.py:266} INFO - Task exited with return code 0
[2024-11-15T17:42:06.789+0000] {taskinstance.py:3900} INFO - 1 downstream tasks scheduled from follow-on schedule check
[2024-11-15T17:42:06.791+0000] {local_task_job_runner.py:245} INFO - ::endgroup::
