[2024-11-15T09:18:24.200+0000] {local_task_job_runner.py:123} INFO - ::group::Pre task execution logs
[2024-11-15T09:18:24.224+0000] {taskinstance.py:2612} INFO - Dependencies all met for dep_context=non-requeueable deps ti=<TaskInstance: Lab9.get_data manual__2024-11-15T09:18:20.960542+00:00 [queued]>
[2024-11-15T09:18:24.234+0000] {taskinstance.py:2612} INFO - Dependencies all met for dep_context=requeueable deps ti=<TaskInstance: Lab9.get_data manual__2024-11-15T09:18:20.960542+00:00 [queued]>
[2024-11-15T09:18:24.235+0000] {taskinstance.py:2865} INFO - Starting attempt 1 of 2
[2024-11-15T09:18:24.255+0000] {taskinstance.py:2888} INFO - Executing <Task(PythonOperator): get_data> on 2024-11-15 09:18:20.960542+00:00
[2024-11-15T09:18:24.264+0000] {warnings.py:112} WARNING - /home/***/.local/lib/python3.12/site-packages/***/task/task_runner/standard_task_runner.py:70: DeprecationWarning: This process (pid=170) is multi-threaded, use of fork() may lead to deadlocks in the child.
  pid = os.fork()

[2024-11-15T09:18:24.266+0000] {standard_task_runner.py:72} INFO - Started process 181 to run task
[2024-11-15T09:18:24.269+0000] {standard_task_runner.py:104} INFO - Running: ['***', 'tasks', 'run', 'Lab9', 'get_data', 'manual__2024-11-15T09:18:20.960542+00:00', '--job-id', '76', '--raw', '--subdir', 'DAGS_FOLDER/pipeline.py', '--cfg-path', '/tmp/tmpjs_5h_4i']
[2024-11-15T09:18:24.273+0000] {standard_task_runner.py:105} INFO - Job 76: Subtask get_data
[2024-11-15T09:18:24.332+0000] {task_command.py:467} INFO - Running <TaskInstance: Lab9.get_data manual__2024-11-15T09:18:20.960542+00:00 [running]> on host a73688974eca
[2024-11-15T09:18:24.478+0000] {taskinstance.py:3131} INFO - Exporting env vars: AIRFLOW_CTX_DAG_OWNER='TaiDuongDevOps' AIRFLOW_CTX_DAG_ID='Lab9' AIRFLOW_CTX_TASK_ID='get_data' AIRFLOW_CTX_EXECUTION_DATE='2024-11-15T09:18:20.960542+00:00' AIRFLOW_CTX_TRY_NUMBER='1' AIRFLOW_CTX_DAG_RUN_ID='manual__2024-11-15T09:18:20.960542+00:00'
[2024-11-15T09:18:24.479+0000] {taskinstance.py:731} INFO - ::endgroup::
[2024-11-15T09:18:24.507+0000] {python.py:240} INFO - Done. Returned value was:                                     file                                            message
762     shackleton-s/all_documents/4886.  Message-ID: <26457096.1075844436980.JavaMail.e...
4237   germany-c/discussion_threads/372.  Message-ID: <3777138.1075853739893.JavaMail.ev...
5170               kaminski-v/sent/2504.  Message-ID: <29558656.1075856496601.JavaMail.e...
12964                  jones-t/sent/387.  Message-ID: <22164946.1075847161023.JavaMail.e...
4498                lavorato-j/sent/280.  Message-ID: <23264520.1075845556747.JavaMail.e...
...                                  ...                                                ...
19579                  kean-s/sent/1590.  Message-ID: <14162855.1075848257694.JavaMail.e...
16123        dasovich-j/notes_inbox/519.  Message-ID: <22204498.1075843109748.JavaMail.e...
8961                zipper-a/charges/53.  Message-ID: <22598137.1075851673369.JavaMail.e...
7338             mann-k/_sent_mail/3205.  Message-ID: <14475679.1075846107109.JavaMail.e...
17050         mann-k/all_documents/3183.  Message-ID: <4664808.1075845653979.JavaMail.ev...

[200 rows x 2 columns]
[2024-11-15T09:18:24.624+0000] {taskinstance.py:340} INFO - ::group::Post task execution logs
[2024-11-15T09:18:24.625+0000] {taskinstance.py:352} INFO - Marking task as SUCCESS. dag_id=Lab9, task_id=get_data, run_id=manual__2024-11-15T09:18:20.960542+00:00, execution_date=20241115T091820, start_date=20241115T091824, end_date=20241115T091824
[2024-11-15T09:18:24.682+0000] {local_task_job_runner.py:266} INFO - Task exited with return code 0
[2024-11-15T09:18:24.696+0000] {local_task_job_runner.py:245} INFO - ::endgroup::
