[2024-11-15T17:43:37.140+0000] {local_task_job_runner.py:123} INFO - ::group::Pre task execution logs
[2024-11-15T17:43:37.165+0000] {taskinstance.py:2612} INFO - Dependencies all met for dep_context=non-requeueable deps ti=<TaskInstance: Lab9.get_random_data manual__2024-11-15T17:43:33.717314+00:00 [queued]>
[2024-11-15T17:43:37.176+0000] {taskinstance.py:2612} INFO - Dependencies all met for dep_context=requeueable deps ti=<TaskInstance: Lab9.get_random_data manual__2024-11-15T17:43:33.717314+00:00 [queued]>
[2024-11-15T17:43:37.176+0000] {taskinstance.py:2865} INFO - Starting attempt 1 of 2
[2024-11-15T17:43:37.196+0000] {taskinstance.py:2888} INFO - Executing <Task(PythonOperator): get_random_data> on 2024-11-15 17:43:33.717314+00:00
[2024-11-15T17:43:37.204+0000] {warnings.py:112} WARNING - /home/***/.local/lib/python3.12/site-packages/***/task/task_runner/standard_task_runner.py:70: DeprecationWarning: This process (pid=533) is multi-threaded, use of fork() may lead to deadlocks in the child.
  pid = os.fork()

[2024-11-15T17:43:37.206+0000] {standard_task_runner.py:72} INFO - Started process 537 to run task
[2024-11-15T17:43:37.209+0000] {standard_task_runner.py:104} INFO - Running: ['***', 'tasks', 'run', 'Lab9', 'get_random_data', 'manual__2024-11-15T17:43:33.717314+00:00', '--job-id', '98', '--raw', '--subdir', 'DAGS_FOLDER/pipeline.py', '--cfg-path', '/tmp/tmpqnk8upb8']
[2024-11-15T17:43:37.213+0000] {standard_task_runner.py:105} INFO - Job 98: Subtask get_random_data
[2024-11-15T17:43:37.279+0000] {task_command.py:467} INFO - Running <TaskInstance: Lab9.get_random_data manual__2024-11-15T17:43:33.717314+00:00 [running]> on host a73688974eca
[2024-11-15T17:43:37.415+0000] {taskinstance.py:3131} INFO - Exporting env vars: AIRFLOW_CTX_DAG_OWNER='TaiDuongDevOps' AIRFLOW_CTX_DAG_ID='Lab9' AIRFLOW_CTX_TASK_ID='get_random_data' AIRFLOW_CTX_EXECUTION_DATE='2024-11-15T17:43:33.717314+00:00' AIRFLOW_CTX_TRY_NUMBER='1' AIRFLOW_CTX_DAG_RUN_ID='manual__2024-11-15T17:43:33.717314+00:00'
[2024-11-15T17:43:37.416+0000] {taskinstance.py:731} INFO - ::endgroup::
[2024-11-15T17:43:37.445+0000] {python.py:240} INFO - Done. Returned value was:                                    file                                            message
19849                 mann-k/midway/13.  Message-ID: <30313429.1075845896071.JavaMail.e...
9437   keavey-p/discussion_threads/292.  Message-ID: <972848.1075855657439.JavaMail.eva...
8504           kean-s/attachments/1299.  Message-ID: <16791583.1075851033163.JavaMail.e...
5835      lavorato-j/all_documents/178.  Message-ID: <9617566.1075845533186.JavaMail.ev...
5709       guzman-m/all_documents/1317.  Message-ID: <870036.1075840616354.JavaMail.eva...
...                                 ...                                                ...
17588             dasovich-j/sent/1016.  Message-ID: <31290151.1075843208203.JavaMail.e...
2260     mann-k/discussion_threads/604.  Message-ID: <32352952.1075845767093.JavaMail.e...
17752                   neal-s/sent/34.  Message-ID: <20594028.1075858415219.JavaMail.e...
17809       cuilla-m/all_documents/106.  Message-ID: <14015017.1075858073613.JavaMail.e...
2534       fischer-m/all_documents/268.  Message-ID: <31136742.1075840447448.JavaMail.e...

[200 rows x 2 columns]
[2024-11-15T17:43:37.564+0000] {taskinstance.py:340} INFO - ::group::Post task execution logs
[2024-11-15T17:43:37.565+0000] {taskinstance.py:352} INFO - Marking task as SUCCESS. dag_id=Lab9, task_id=get_random_data, run_id=manual__2024-11-15T17:43:33.717314+00:00, execution_date=20241115T174333, start_date=20241115T174337, end_date=20241115T174337
[2024-11-15T17:43:37.622+0000] {local_task_job_runner.py:266} INFO - Task exited with return code 0
[2024-11-15T17:43:37.678+0000] {taskinstance.py:3900} INFO - 1 downstream tasks scheduled from follow-on schedule check
[2024-11-15T17:43:37.680+0000] {local_task_job_runner.py:245} INFO - ::endgroup::
